2025-02-27 00:56:35,031 - __main__ - INFO - Initializing W&B project: pete-connor-cx-ai-expert
2025-02-27 00:56:35,034 - __main__ - INFO - Loaded environment variables from .env file
2025-02-27 00:56:35,034 - __main__ - INFO - WANDB_API_KEY found, running in online mode
2025-02-27 00:56:35,935 - __main__ - INFO - Successfully initialized W&B
2025-02-27 00:56:35,950 - __main__ - INFO - Using MPS (Metal Performance Shaders) for training on Apple Silicon
2025-02-27 00:56:35,950 - __main__ - INFO - Loading base model: EleutherAI/pythia-1.4b
2025-02-27 00:56:36,310 - __main__ - INFO - Tokenizer loaded successfully
2025-02-27 00:56:36,310 - __main__ - INFO - Disabled FP16 as it's only supported on CUDA devices
2025-02-27 00:56:36,310 - __main__ - INFO - Loading model on mps device
2025-02-27 00:56:38,319 - __main__ - INFO - Model loaded successfully
2025-02-27 00:56:38,319 - __main__ - INFO - Preparing model for kbit training
2025-02-27 00:56:38,320 - __main__ - INFO - Configuring LoRA adapters
/Users/cpconnor/CascadeProjects/multi-platform-content-generator/venv/lib/python3.13/site-packages/bitsandbytes/cextension.py:34: UserWarning: The installed version of bitsandbytes was compiled without GPU support. 8-bit optimizers, 8-bit multiplication, and GPU quantization are unavailable.
  warn("The installed version of bitsandbytes was compiled without GPU support. "
2025-02-27 00:56:38,397 - __main__ - INFO - LoRA adapters successfully applied to model
2025-02-27 00:56:38,399 - __main__ - INFO - Model size: 1420.94M parameters
2025-02-27 00:56:38,399 - __main__ - INFO - Trainable parameters: 6.29M (0.44%)
2025-02-27 00:56:38,399 - __main__ - INFO - Preparing training dataset from data/training_data.jsonl
2025-02-27 00:56:38,399 - __main__ - INFO - Loading data from data/training_data.jsonl
2025-02-27 00:56:38,435 - __main__ - INFO - Preparing validation dataset from data/validation_data.jsonl
2025-02-27 00:56:38,435 - __main__ - INFO - Loading data from data/validation_data.jsonl
2025-02-27 00:56:38,441 - __main__ - INFO - Training dataset size: 81
2025-02-27 00:56:38,441 - __main__ - INFO - Evaluation dataset size: 20
2025-02-27 00:56:38,442 - wandb_dashboards - INFO - Created custom metrics callback for W&B tracking
2025-02-27 00:56:38,442 - __main__ - INFO - Custom W&B metrics callback loaded successfully
2025-02-27 00:56:38,443 - __main__ - INFO - Setting up training arguments
/Users/cpconnor/CascadeProjects/multi-platform-content-generator/venv/lib/python3.13/site-packages/transformers/training_args.py:1594: FutureWarning: `evaluation_strategy` is deprecated and will be removed in version 4.46 of 🤗 Transformers. Use `eval_strategy` instead
  warnings.warn(
2025-02-27 00:56:38,444 - __main__ - INFO - Initializing trainer
/Users/cpconnor/CascadeProjects/multi-platform-content-generator/finetune_model.py:525: FutureWarning: `tokenizer` is deprecated and will be removed in version 5.0.0 for `Trainer.__init__`. Use `processing_class` instead.
  trainer = Trainer(
No label_names provided for model class `PeftModelForCausalLM`. Since `PeftModel` hides base models input arguments, if label_names is not given, label_names can't be set automatically within `Trainer`. Note that empty label_names list will be used instead.
2025-02-27 00:56:38,449 - __main__ - INFO - Checkpoints will be saved every 7200 steps
2025-02-27 00:56:38,449 - __main__ - INFO - Starting model fine-tuning
'NoneType' object has no attribute 'cadam32bit_grad_fp32'
  0%|          | 0/100 [00:00<?, ?it/s]huggingface/tokenizers: The current process just got forked, after parallelism has already been used. Disabling parallelism to avoid deadlocks...
To disable this warning, you can either:
	- Avoid using `tokenizers` before the fork if possible
	- Explicitly set the environment variable TOKENIZERS_PARALLELISM=(true | false)
`use_cache=True` is incompatible with gradient checkpointing. Setting `use_cache=False`...
/Users/cpconnor/CascadeProjects/multi-platform-content-generator/venv/lib/python3.13/site-packages/torch/utils/checkpoint.py:87: UserWarning: None of the inputs have requires_grad=True. Gradients will be None
  warnings.warn(
2025-02-27 00:56:39,905 - __main__ - ERROR - Error during training: element 0 of tensors does not require grad and does not have a grad_fn
2025-02-27 00:56:39,905 - __main__ - WARNING - Training was interrupted. Saving checkpoint of the current state.
2025-02-27 00:56:39,905 - __main__ - INFO - Saving model to outputs/finetune/final
2025-02-27 00:56:40,320 - __main__ - INFO - Model saving complete.
2025-02-27 00:56:40,321 - __main__ - INFO - Fine-tuning process complete.
2025-02-27 00:56:44,782 - __main__ - INFO - Fine-tuning completed
/Users/cpconnor/CascadeProjects/multi-platform-content-generator/venv/lib/python3.13/site-packages/wandb/sdk/wandb_run.py:2265: UserWarning: Run (cnwuc9vr) is finished. The call to `_console_raw_callback` will be ignored. Please make sure that you are using an active run.
  lambda data: self._console_raw_callback("stderr", data),
  0%|          | 0/100 [00:06<?, ?it/s]
=== C. Pete Connor Model Training Log - Started at 2025-02-27T00:56:32.643291 ===



=== Training completed successfully! Finished at 2025-02-27T00:56:45.693789 ===
